<?xml version="1.0" encoding="UTF-8"?>
<!-- Generated by org.testng.reporters.JUnitReportReporter -->
<testsuite hostname="DESKTOP-MLQSV5O" name="com.test.project1.UniqueNumberinArraylist" tests="1" failures="0" timestamp="30 Dec 2018 16:25:23 GMT" time="0.016" errors="0">
  <testcase name="test1" time="0.016" classname="com.test.project1.UniqueNumberinArraylist"/>
</testsuite> <!-- com.test.project1.UniqueNumberinArraylist -->
