<?xml version="1.0" encoding="UTF-8"?>
<!-- Generated by org.testng.reporters.JUnitReportReporter -->
<testsuite hostname="Venkat_PC" name="com.test.project1.cricTest" tests="1" failures="0" timestamp="6 Nov 2018 02:33:48 GMT" time="12.523" errors="0">
  <testcase name="test1" time="12.523" classname="com.test.project1.cricTest"/>
</testsuite> <!-- com.test.project1.cricTest -->
