<?xml version="1.0" encoding="UTF-8"?>
<!-- Generated by org.testng.reporters.JUnitReportReporter -->
<testsuite hostname="Venkat_PC" name="com.test.project1.DataFromMySql" tests="1" failures="0" timestamp="6 Nov 2018 02:40:21 GMT" time="1.300" errors="0">
  <testcase name="dbTest" time="1.300" classname="com.test.project1.DataFromMySql"/>
</testsuite> <!-- com.test.project1.DataFromMySql -->
