<?xml version="1.0" encoding="UTF-8"?>
<!-- Generated by org.testng.reporters.JUnitReportReporter -->
<testsuite hostname="Venkat_PC" name="com.test.project1.DemoSiteTest" tests="1" failures="0" timestamp="28 Oct 2018 19:25:08 GMT" time="21.477" errors="0">
  <testcase name="test1" time="21.477" classname="com.test.project1.DemoSiteTest"/>
</testsuite> <!-- com.test.project1.DemoSiteTest -->
