<?xml version="1.0" encoding="UTF-8"?>
<!-- Generated by org.testng.reporters.JUnitReportReporter -->
<testsuite hostname="DESKTOP-MLQSV5O" name="com.test.project1.ScratchOne" tests="7" failures="1" timestamp="19 Feb 2019 05:25:43 GMT" time="0.029" errors="0">
  <testcase name="testThree" time="0.003" classname="com.test.project1.ScratchOne"/>
  <testcase name="proOne" time="0.003" classname="com.test.project1.ScratchOne"/>
  <testcase name="testFour" time="0.002" classname="com.test.project1.ScratchOne"/>
  <testcase name="testTwo" time="0.014" classname="com.test.project1.ScratchOne"/>
  <testcase name="testOne" time="0.000" classname="com.test.project1.ScratchOne">
    <failure type="org.testng.TestNGException" message="
Parameter &#039;URL&#039; is required by @Test on method testOne but has not been marked @Optional or defined
in D:\My Stuff\java-test-project\testng_Scratch2.xml">
      <![CDATA[org.testng.TestNGException: 
Parameter 'URL' is required by @Test on method testOne but has not been marked @Optional or defined
in D:\My Stuff\java-test-project\testng_Scratch2.xml
	at org.testng.internal.Parameters.createParameters(Parameters.java:155)
	at org.testng.internal.Parameters.createParameters(Parameters.java:355)
	at org.testng.internal.Parameters.handleParameters(Parameters.java:447)
	at org.testng.internal.Invoker.handleParameters(Invoker.java:1383)
	at org.testng.internal.Invoker.createParameters(Invoker.java:1075)
	at org.testng.internal.Invoker.invokeTestMethods(Invoker.java:1180)
	at org.testng.internal.TestMethodWorker.invokeTestMethods(TestMethodWorker.java:127)
	at org.testng.internal.TestMethodWorker.run(TestMethodWorker.java:111)
	at org.testng.TestRunner.privateRun(TestRunner.java:767)
	at org.testng.TestRunner.run(TestRunner.java:617)
	at org.testng.SuiteRunner.runTest(SuiteRunner.java:334)
	at org.testng.SuiteRunner.access$000(SuiteRunner.java:37)
	at org.testng.SuiteRunner$SuiteWorker.run(SuiteRunner.java:368)
	at org.testng.internal.thread.ThreadUtil$2.call(ThreadUtil.java:64)
	at java.util.concurrent.FutureTask.run(Unknown Source)
	at java.util.concurrent.ThreadPoolExecutor.runWorker(Unknown Source)
	at java.util.concurrent.ThreadPoolExecutor$Worker.run(Unknown Source)
	at java.lang.Thread.run(Unknown Source)
]]>
    </failure>
  </testcase> <!-- testOne -->
  <testcase name="proTwo" time="0.004" classname="com.test.project1.ScratchOne"/>
  <testcase name="proThree" time="0.003" classname="com.test.project1.ScratchOne"/>
</testsuite> <!-- com.test.project1.ScratchOne -->
