<?xml version="1.0" encoding="UTF-8"?>
<!-- Generated by org.testng.reporters.JUnitReportReporter -->
<testsuite hostname="DESKTOP-MLQSV5O" name="com.test.project1.randomPractise" tests="1" failures="0" timestamp="30 Dec 2018 17:43:34 GMT" time="0.016" errors="0">
  <testcase name="hashtest" time="0.016" classname="com.test.project1.randomPractise"/>
</testsuite> <!-- com.test.project1.randomPractise -->
