<?xml version="1.0" encoding="UTF-8"?>
<!-- Generated by org.testng.reporters.JUnitReportReporter -->
<testsuite hostname="Venkat_PC" name="com.test.project1.TestCollections" tests="1" failures="0" timestamp="23 Dec 2018 18:12:34 GMT" time="0.020" errors="0">
  <testcase name="test1" time="0.020" classname="com.test.project1.TestCollections"/>
</testsuite> <!-- com.test.project1.TestCollections -->
