<?xml version="1.0" encoding="UTF-8"?>
<!-- Generated by org.testng.reporters.JUnitReportReporter -->
<testsuite hostname="DESKTOP-MLQSV5O" name="com.test.project1.TempPractise" tests="1" failures="0" timestamp="10 Jan 2019 10:30:44 GMT" time="4.861" errors="0">
  <testcase name="checkifPrimeNum" time="4.861" classname="com.test.project1.TempPractise"/>
</testsuite> <!-- com.test.project1.TempPractise -->
