<?xml version="1.0" encoding="UTF-8"?>
<!-- Generated by org.testng.reporters.JUnitReportReporter -->
<testsuite hostname="Venkat_PC" name="com.test.project1.sample1" tests="1" failures="0" timestamp="23 Oct 2018 11:49:00 GMT" time="1.001" errors="0">
  <testcase name="testExcelutil" time="1.001" classname="com.test.project1.sample1"/>
</testsuite> <!-- com.test.project1.sample1 -->
