<?xml version="1.0" encoding="UTF-8"?>
<!-- Generated by org.testng.reporters.JUnitReportReporter -->
<testsuite hostname="DESKTOP-MLQSV5O" name="com.test.project1.AmazonTest1" tests="1" failures="0" timestamp="30 Dec 2018 17:15:08 GMT" time="31.534" errors="0">
  <testcase name="amtest" time="31.534" classname="com.test.project1.AmazonTest1"/>
</testsuite> <!-- com.test.project1.AmazonTest1 -->
