<?xml version="1.0" encoding="UTF-8"?>
<!-- Generated by org.testng.reporters.JUnitReportReporter -->
<testsuite hostname="Venkat_PC" name="com.test.project1.Cricbuzz" tests="1" failures="0" timestamp="17 Oct 2018 12:31:31 GMT" time="17.417" errors="0">
  <testcase name="cricTest" time="17.417" classname="com.test.project1.Cricbuzz"/>
</testsuite> <!-- com.test.project1.Cricbuzz -->
