<?xml version="1.0" encoding="UTF-8"?>
<!-- Generated by org.testng.reporters.JUnitReportReporter -->
<testsuite hostname="DESKTOP-MLQSV5O" name="com.test.project1.ScratchTwo" tests="2" failures="0" timestamp="19 Feb 2019 05:25:43 GMT" time="0.005" errors="0">
  <testcase name="setData" time="0.003" classname="com.test.project1.ScratchTwo"/>
  <testcase name="setData" time="0.002" classname="com.test.project1.ScratchTwo"/>
</testsuite> <!-- com.test.project1.ScratchTwo -->
