<?xml version="1.0" encoding="UTF-8"?>
<!-- Generated by org.testng.reporters.JUnitReportReporter -->
<testsuite hostname="Venkat_PC" name="com.test.project1.testpageGoogle" tests="1" failures="0" timestamp="6 Oct 2018 13:41:18 GMT" time="17.431" errors="0">
  <testcase name="pageNavigate" time="17.431" classname="com.test.project1.testpageGoogle"/>
</testsuite> <!-- com.test.project1.testpageGoogle -->
