<?xml version="1.0" encoding="UTF-8"?>
<!-- Generated by org.testng.reporters.JUnitReportReporter -->
<testsuite hostname="Venkat_PC" name="com.test.project1.PracticeJava" tests="1" failures="0" timestamp="23 Dec 2018 17:11:39 GMT" time="0.015" errors="0">
  <testcase name="test1" time="0.015" classname="com.test.project1.PracticeJava"/>
</testsuite> <!-- com.test.project1.PracticeJava -->
