<?xml version="1.0" encoding="UTF-8"?>
<!-- Generated by org.testng.reporters.JUnitReportReporter -->
<testsuite hostname="Venkat_PC" name="com.test.project1.Test1" tests="1" failures="0" timestamp="8 Oct 2018 04:35:28 GMT" time="16.415" errors="0">
  <testcase name="amzontest" time="16.415" classname="com.test.project1.Test1"/>
</testsuite> <!-- com.test.project1.Test1 -->
