<?xml version="1.0" encoding="UTF-8"?>
<!-- Generated by org.testng.reporters.JUnitReportReporter -->
<testsuite skipped="0" hostname="DESKTOP-MLQSV5O" name="com.test.feb.AmTestOne" tests="1" failures="0" timestamp="20 Feb 2019 06:17:14 GMT" time="16.164" errors="0">
  <testcase name="testOne" time="16.164" classname="com.test.feb.AmTestOne"/>
</testsuite> <!-- com.test.feb.AmTestOne -->
